# JRE version: Java(TM) SE Runtime Environment (8.0_60-b27) (build 1.8.0_60-b27)
# Java VM: Java HotSpot(TM) 64-Bit Server VM (25.60-b23 mixed mode windows-amd64 compressed oops)
Heap:
 PSYoungGen      total 232960K, used 120517K [0x00000000eab00000, 0x0000000100000000, 0x0000000100000000)
  eden space 116736K, 55% used [0x00000000eab00000,0x00000000eeaaa038,0x00000000f1d00000)
  from space 116224K, 47% used [0x00000000f8e80000,0x00000000fc487690,0x0000000100000000)
  to   space 116224K, 0% used [0x00000000f1d00000,0x00000000f1d00000,0x00000000f8e80000)
 ParOldGen       total 699392K, used 628534K [0x00000000c0000000, 0x00000000eab00000, 0x00000000eab00000)
  object space 699392K, 89% used [0x00000000c0000000,0x00000000e65cd858,0x00000000eab00000)
 Metaspace       used 6780K, capacity 7384K, committed 7680K, reserved 1056768K
  class space    used 634K, capacity 656K, committed 768K, reserved 1048576K
GC Heap History (10 events):
Event: 43.092 GC heap before
{Heap before GC invocations=47 (full 7):
 PSYoungGen      total 154112K, used 153732K [0x00000000eab00000, 0x00000000ff380000, 0x0000000100000000)
  eden space 116736K, 100% used [0x00000000eab00000,0x00000000f1d00000,0x00000000f1d00000)
  from space 37376K, 98% used [0x00000000f1d00000,0x00000000f4121278,0x00000000f4180000)
  to   space 109056K, 0% used [0x00000000f8900000,0x00000000f8900000,0x00000000ff380000)
 ParOldGen       total 699392K, used 557191K [0x00000000c0000000, 0x00000000eab00000, 0x00000000eab00000)
  object space 699392K, 79% used [0x00000000c0000000,0x00000000e2021cb8,0x00000000eab00000)
 Metaspace       used 6674K, capacity 7320K, committed 7680K, reserved 1056768K
  class space    used 628K, capacity 656K, committed 768K, reserved 1048576K
Event: 43.182 GC heap after
Heap after GC invocations=47 (full 7):
 PSYoungGen      total 228864K, used 55130K [0x00000000eab00000, 0x00000000ff800000, 0x0000000100000000)
  eden space 119808K, 0% used [0x00000000eab00000,0x00000000eab00000,0x00000000f2000000)
  from space 109056K, 50% used [0x00000000f8900000,0x00000000fbed6b68,0x00000000ff380000)
  to   space 107520K, 0% used [0x00000000f2000000,0x00000000f2000000,0x00000000f8900000)
 ParOldGen       total 699392K, used 557191K [0x00000000c0000000, 0x00000000eab00000, 0x00000000eab00000)
  object space 699392K, 79% used [0x00000000c0000000,0x00000000e2021cb8,0x00000000eab00000)
 Metaspace       used 6674K, capacity 7320K, committed 7680K, reserved 1056768K
  class space    used 628K, capacity 656K, committed 768K, reserved 1048576K
}
Event: 43.500 GC heap before
{Heap before GC invocations=48 (full 7):
 PSYoungGen      total 228864K, used 174938K [0x00000000eab00000, 0x00000000ff800000, 0x0000000100000000)
  eden space 119808K, 100% used [0x00000000eab00000,0x00000000f2000000,0x00000000f2000000)
  from space 109056K, 50% used [0x00000000f8900000,0x00000000fbed6b68,0x00000000ff380000)
  to   space 107520K, 0% used [0x00000000f2000000,0x00000000f2000000,0x00000000f8900000)
 ParOldGen       total 699392K, used 557191K [0x00000000c0000000, 0x00000000eab00000, 0x00000000eab00000)
  object space 699392K, 79% used [0x00000000c0000000,0x00000000e2021cb8,0x00000000eab00000)
 Metaspace       used 6674K, capacity 7320K, committed 7680K, reserved 1056768K
  class space    used 628K, capacity 656K, committed 768K, reserved 1048576K
Event: 43.601 GC heap after
Heap after GC invocations=48 (full 7):
 PSYoungGen      total 227328K, used 71495K [0x00000000eab00000, 0x0000000100000000, 0x0000000100000000)
  eden space 119808K, 0% used [0x00000000eab00000,0x00000000eab00000,0x00000000f2000000)
  from space 107520K, 66% used [0x00000000f2000000,0x00000000f65d1cd8,0x00000000f8900000)
  to   space 111616K, 0% used [0x00000000f9300000,0x00000000f9300000,0x0000000100000000)
 ParOldGen       total 699392K, used 557191K [0x00000000c0000000, 0x00000000eab00000, 0x00000000eab00000)
  object space 699392K, 79% used [0x00000000c0000000,0x00000000e2021cb8,0x00000000eab00000)
 Metaspace       used 6674K, capacity 7320K, committed 7680K, reserved 1056768K
  class space    used 628K, capacity 656K, committed 768K, reserved 1048576K
}
Event: 43.788 GC heap before
{Heap before GC invocations=49 (full 7):
 PSYoungGen      total 227328K, used 191303K [0x00000000eab00000, 0x0000000100000000, 0x0000000100000000)
  eden space 119808K, 100% used [0x00000000eab00000,0x00000000f2000000,0x00000000f2000000)
  from space 107520K, 66% used [0x00000000f2000000,0x00000000f65d1cd8,0x00000000f8900000)
  to   space 111616K, 0% used [0x00000000f9300000,0x00000000f9300000,0x0000000100000000)
 ParOldGen       total 699392K, used 557191K [0x00000000c0000000, 0x00000000eab00000, 0x00000000eab00000)
  object space 699392K, 79% used [0x00000000c0000000,0x00000000e2021cb8,0x00000000eab00000)
 Metaspace       used 6674K, capacity 7320K, committed 7680K, reserved 1056768K
  class space    used 628K, capacity 656K, committed 768K, reserved 1048576K
Event: 43.905 GC heap after
Heap after GC invocations=49 (full 7):
 PSYoungGen      total 228352K, used 88996K [0x00000000eab00000, 0x0000000100000000, 0x0000000100000000)
  eden space 116736K, 0% used [0x00000000eab00000,0x00000000eab00000,0x00000000f1d00000)
  from space 111616K, 79% used [0x00000000f9300000,0x00000000fe9e9040,0x0000000100000000)
  to   space 116224K, 0% used [0x00000000f1d00000,0x00000000f1d00000,0x00000000f8e80000)
 ParOldGen       total 699392K, used 557191K [0x00000000c0000000, 0x00000000eab00000, 0x00000000eab00000)
  object space 699392K, 79% used [0x00000000c0000000,0x00000000e2021cb8,0x00000000eab00000)
 Metaspace       used 6674K, capacity 7320K, committed 7680K, reserved 1056768K
  class space    used 628K, capacity 656K, committed 768K, reserved 1048576K
}
Event: 44.673 GC heap before
{Heap before GC invocations=50 (full 7):
 PSYoungGen      total 228352K, used 205732K [0x00000000eab00000, 0x0000000100000000, 0x0000000100000000)
  eden space 116736K, 100% used [0x00000000eab00000,0x00000000f1d00000,0x00000000f1d00000)
  from space 111616K, 79% used [0x00000000f9300000,0x00000000fe9e9040,0x0000000100000000)
  to   space 116224K, 0% used [0x00000000f1d00000,0x00000000f1d00000,0x00000000f8e80000)
 ParOldGen       total 699392K, used 557191K [0x00000000c0000000, 0x00000000eab00000, 0x00000000eab00000)
  object space 699392K, 79% used [0x00000000c0000000,0x00000000e2021cb8,0x00000000eab00000)
 Metaspace       used 6675K, capacity 7384K, committed 7680K, reserved 1056768K
  class space    used 628K, capacity 656K, committed 768K, reserved 1048576K
Event: 44.786 GC heap after
Heap after GC invocations=50 (full 7):
 PSYoungGen      total 232960K, used 71198K [0x00000000eab00000, 0x0000000100000000, 0x0000000100000000)
  eden space 116736K, 0% used [0x00000000eab00000,0x00000000eab00000,0x00000000f1d00000)
  from space 116224K, 61% used [0x00000000f1d00000,0x00000000f6287bd0,0x00000000f8e80000)
  to   space 116224K, 0% used [0x00000000f8e80000,0x00000000f8e80000,0x0000000100000000)
 ParOldGen       total 699392K, used 593610K [0x00000000c0000000, 0x00000000eab00000, 0x00000000eab00000)
  object space 699392K, 84% used [0x00000000c0000000,0x00000000e43b2848,0x00000000eab00000)
 Metaspace       used 6675K, capacity 7384K, committed 7680K, reserved 1056768K
  class space    used 628K, capacity 656K, committed 768K, reserved 1048576K
}
Event: 44.954 GC heap before
{Heap before GC invocations=51 (full 7):
 PSYoungGen      total 232960K, used 187934K [0x00000000eab00000, 0x0000000100000000, 0x0000000100000000)
  eden space 116736K, 100% used [0x00000000eab00000,0x00000000f1d00000,0x00000000f1d00000)
  from space 116224K, 61% used [0x00000000f1d00000,0x00000000f6287bd0,0x00000000f8e80000)
  to   space 116224K, 0% used [0x00000000f8e80000,0x00000000f8e80000,0x0000000100000000)
 ParOldGen       total 699392K, used 593610K [0x00000000c0000000, 0x00000000eab00000, 0x00000000eab00000)
  object space 699392K, 84% used [0x00000000c0000000,0x00000000e43b2848,0x00000000eab00000)
 Metaspace       used 6675K, capacity 7384K, committed 7680K, reserved 1056768K
  class space    used 628K, capacity 656K, committed 768K, reserved 1048576K
Event: 45.057 GC heap after
Heap after GC invocations=51 (full 7):
 PSYoungGen      total 232960K, used 55325K [0x00000000eab00000, 0x0000000100000000, 0x0000000100000000)
  eden space 116736K, 0% used [0x00000000eab00000,0x00000000eab00000,0x00000000f1d00000)
  from space 116224K, 47% used [0x00000000f8e80000,0x00000000fc487690,0x0000000100000000)
  to   space 116224K, 0% used [0x00000000f1d00000,0x00000000f1d00000,0x00000000f8e80000)
 ParOldGen       total 699392K, used 628534K [0x00000000c0000000, 0x00000000eab00000, 0x00000000eab00000)
  object space 699392K, 89% used [0x00000000c0000000,0x00000000e65cd858,0x00000000eab00000)
 Metaspace       used 6675K, capacity 7384K, committed 7680K, reserved 1056768K
  class space    used 628K, capacity 656K, committed 768K, reserved 1048576K
}

