# JRE version: Java(TM) SE Runtime Environment (8.0_60-b27) (build 1.8.0_60-b27)
# Java VM: Java HotSpot(TM) 64-Bit Server VM (25.60-b23 mixed mode windows-amd64 compressed oops)
Heap:
 PSYoungGen      total 216576K, used 189875K [0x00000000eab00000, 0x00000000fa680000, 0x0000000100000000)
  eden space 197120K, 96% used [0x00000000eab00000,0x00000000f646cf58,0x00000000f6b80000)
  from space 19456K, 0% used [0x00000000f8580000,0x00000000f8580000,0x00000000f9880000)
  to   space 26624K, 0% used [0x00000000f6b80000,0x00000000f6b80000,0x00000000f8580000)
 ParOldGen       total 98816K, used 98606K [0x00000000c0000000, 0x00000000c6080000, 0x00000000eab00000)
  object space 98816K, 99% used [0x00000000c0000000,0x00000000c604bbe8,0x00000000c6080000)
 Metaspace       used 6639K, capacity 7320K, committed 7680K, reserved 1056768K
  class space    used 626K, capacity 656K, committed 768K, reserved 1048576K
GC Heap History (10 events):
Event: 21.104 GC heap before
{Heap before GC invocations=12 (full 1):
 PSYoungGen      total 216576K, used 210821K [0x00000000eab00000, 0x00000000fa680000, 0x0000000100000000)
  eden space 197120K, 100% used [0x00000000eab00000,0x00000000f6b80000,0x00000000f6b80000)
  from space 19456K, 70% used [0x00000000f8580000,0x00000000f92e17d0,0x00000000f9880000)
  to   space 26624K, 0% used [0x00000000f6b80000,0x00000000f6b80000,0x00000000f8580000)
 ParOldGen       total 78336K, used 43565K [0x00000000c0000000, 0x00000000c4c80000, 0x00000000eab00000)
  object space 78336K, 55% used [0x00000000c0000000,0x00000000c2a8b508,0x00000000c4c80000)
 Metaspace       used 6602K, capacity 7320K, committed 7680K, reserved 1056768K
  class space    used 625K, capacity 656K, committed 768K, reserved 1048576K
Event: 21.489 GC heap after
Heap after GC invocations=12 (full 1):
 PSYoungGen      total 223744K, used 26603K [0x00000000eab00000, 0x00000000fa680000, 0x0000000100000000)
  eden space 197120K, 0% used [0x00000000eab00000,0x00000000eab00000,0x00000000f6b80000)
  from space 26624K, 99% used [0x00000000f6b80000,0x00000000f857aef0,0x00000000f8580000)
  to   space 19456K, 0% used [0x00000000f8580000,0x00000000f8580000,0x00000000f9880000)
 ParOldGen       total 78336K, used 59896K [0x00000000c0000000, 0x00000000c4c80000, 0x00000000eab00000)
  object space 78336K, 76% used [0x00000000c0000000,0x00000000c3a7e300,0x00000000c4c80000)
 Metaspace       used 6602K, capacity 7320K, committed 7680K, reserved 1056768K
  class space    used 625K, capacity 656K, committed 768K, reserved 1048576K
}
Event: 23.827 GC heap before
{Heap before GC invocations=13 (full 1):
 PSYoungGen      total 223744K, used 223723K [0x00000000eab00000, 0x00000000fa680000, 0x0000000100000000)
  eden space 197120K, 100% used [0x00000000eab00000,0x00000000f6b80000,0x00000000f6b80000)
  from space 26624K, 99% used [0x00000000f6b80000,0x00000000f857aef0,0x00000000f8580000)
  to   space 19456K, 0% used [0x00000000f8580000,0x00000000f8580000,0x00000000f9880000)
 ParOldGen       total 78336K, used 59896K [0x00000000c0000000, 0x00000000c4c80000, 0x00000000eab00000)
  object space 78336K, 76% used [0x00000000c0000000,0x00000000c3a7e300,0x00000000c4c80000)
 Metaspace       used 6613K, capacity 7320K, committed 7680K, reserved 1056768K
  class space    used 625K, capacity 656K, committed 768K, reserved 1048576K
Event: 24.060 GC heap after
Heap after GC invocations=13 (full 1):
 PSYoungGen      total 216576K, used 19427K [0x00000000eab00000, 0x00000000fa680000, 0x0000000100000000)
  eden space 197120K, 0% used [0x00000000eab00000,0x00000000eab00000,0x00000000f6b80000)
  from space 19456K, 99% used [0x00000000f8580000,0x00000000f9878ea8,0x00000000f9880000)
  to   space 26624K, 0% used [0x00000000f6b80000,0x00000000f6b80000,0x00000000f8580000)
 ParOldGen       total 98816K, used 98613K [0x00000000c0000000, 0x00000000c6080000, 0x00000000eab00000)
  object space 98816K, 99% used [0x00000000c0000000,0x00000000c604d500,0x00000000c6080000)
 Metaspace       used 6613K, capacity 7320K, committed 7680K, reserved 1056768K
  class space    used 625K, capacity 656K, committed 768K, reserved 1048576K
}
Event: 24.060 GC heap before
{Heap before GC invocations=14 (full 2):
 PSYoungGen      total 216576K, used 19427K [0x00000000eab00000, 0x00000000fa680000, 0x0000000100000000)
  eden space 197120K, 0% used [0x00000000eab00000,0x00000000eab00000,0x00000000f6b80000)
  from space 19456K, 99% used [0x00000000f8580000,0x00000000f9878ea8,0x00000000f9880000)
  to   space 26624K, 0% used [0x00000000f6b80000,0x00000000f6b80000,0x00000000f8580000)
 ParOldGen       total 98816K, used 98613K [0x00000000c0000000, 0x00000000c6080000, 0x00000000eab00000)
  object space 98816K, 99% used [0x00000000c0000000,0x00000000c604d500,0x00000000c6080000)
 Metaspace       used 6613K, capacity 7320K, committed 7680K, reserved 1056768K
  class space    used 625K, capacity 656K, committed 768K, reserved 1048576K
Event: 25.507 GC heap after
Heap after GC invocations=14 (full 2):
 PSYoungGen      total 216576K, used 15289K [0x00000000eab00000, 0x00000000fa680000, 0x0000000100000000)
  eden space 197120K, 0% used [0x00000000eab00000,0x00000000eab00000,0x00000000f6b80000)
  from space 19456K, 78% used [0x00000000f8580000,0x00000000f946e528,0x00000000f9880000)
  to   space 26624K, 0% used [0x00000000f6b80000,0x00000000f6b80000,0x00000000f8580000)
 ParOldGen       total 98816K, used 98585K [0x00000000c0000000, 0x00000000c6080000, 0x00000000eab00000)
  object space 98816K, 99% used [0x00000000c0000000,0x00000000c60464f0,0x00000000c6080000)
 Metaspace       used 6613K, capacity 7320K, committed 7680K, reserved 1056768K
  class space    used 625K, capacity 656K, committed 768K, reserved 1048576K
}
Event: 27.076 GC heap before
{Heap before GC invocations=15 (full 3):
 PSYoungGen      total 216576K, used 212409K [0x00000000eab00000, 0x00000000fa680000, 0x0000000100000000)
  eden space 197120K, 100% used [0x00000000eab00000,0x00000000f6b80000,0x00000000f6b80000)
  from space 19456K, 78% used [0x00000000f8580000,0x00000000f946e528,0x00000000f9880000)
  to   space 26624K, 0% used [0x00000000f6b80000,0x00000000f6b80000,0x00000000f8580000)
 ParOldGen       total 98816K, used 98585K [0x00000000c0000000, 0x00000000c6080000, 0x00000000eab00000)
  object space 98816K, 99% used [0x00000000c0000000,0x00000000c60464f0,0x00000000c6080000)
 Metaspace       used 6623K, capacity 7320K, committed 7680K, reserved 1056768K
  class space    used 625K, capacity 656K, committed 768K, reserved 1048576K
Event: 28.273 GC heap after
Heap after GC invocations=15 (full 3):
 PSYoungGen      total 216576K, used 41654K [0x00000000eab00000, 0x00000000fa680000, 0x0000000100000000)
  eden space 197120K, 21% used [0x00000000eab00000,0x00000000ed3ad9d0,0x00000000f6b80000)
  from space 19456K, 0% used [0x00000000f8580000,0x00000000f8580000,0x00000000f9880000)
  to   space 26624K, 0% used [0x00000000f6b80000,0x00000000f6b80000,0x00000000f8580000)
 ParOldGen       total 98816K, used 98734K [0x00000000c0000000, 0x00000000c6080000, 0x00000000eab00000)
  object space 98816K, 99% used [0x00000000c0000000,0x00000000c606bbf8,0x00000000c6080000)
 Metaspace       used 6623K, capacity 7320K, committed 7680K, reserved 1056768K
  class space    used 625K, capacity 656K, committed 768K, reserved 1048576K
}
Event: 28.915 GC heap before
{Heap before GC invocations=16 (full 4):
 PSYoungGen      total 216576K, used 197120K [0x00000000eab00000, 0x00000000fa680000, 0x0000000100000000)
  eden space 197120K, 100% used [0x00000000eab00000,0x00000000f6b80000,0x00000000f6b80000)
  from space 19456K, 0% used [0x00000000f8580000,0x00000000f8580000,0x00000000f9880000)
  to   space 26624K, 0% used [0x00000000f6b80000,0x00000000f6b80000,0x00000000f8580000)
 ParOldGen       total 98816K, used 98734K [0x00000000c0000000, 0x00000000c6080000, 0x00000000eab00000)
  object space 98816K, 99% used [0x00000000c0000000,0x00000000c606bbf8,0x00000000c6080000)
 Metaspace       used 6638K, capacity 7320K, committed 7680K, reserved 1056768K
  class space    used 626K, capacity 656K, committed 768K, reserved 1048576K
Event: 29.782 GC heap after
Heap after GC invocations=16 (full 4):
 PSYoungGen      total 216576K, used 52594K [0x00000000eab00000, 0x00000000fa680000, 0x0000000100000000)
  eden space 197120K, 26% used [0x00000000eab00000,0x00000000ede5c990,0x00000000f6b80000)
  from space 19456K, 0% used [0x00000000f8580000,0x00000000f8580000,0x00000000f9880000)
  to   space 26624K, 0% used [0x00000000f6b80000,0x00000000f6b80000,0x00000000f8580000)
 ParOldGen       total 98816K, used 98606K [0x00000000c0000000, 0x00000000c6080000, 0x00000000eab00000)
  object space 98816K, 99% used [0x00000000c0000000,0x00000000c604bbe8,0x00000000c6080000)
 Metaspace       used 6638K, capacity 7320K, committed 7680K, reserved 1056768K
  class space    used 626K, capacity 656K, committed 768K, reserved 1048576K
}

