# JRE version: Java(TM) SE Runtime Environment (8.0_60-b27) (build 1.8.0_60-b27)
# Java VM: Java HotSpot(TM) 64-Bit Server VM (25.60-b23 mixed mode windows-amd64 compressed oops)
Heap:
 PSYoungGen      total 194048K, used 91809K [0x00000000eab00000, 0x00000000fd700000, 0x0000000100000000)
  eden space 81920K, 70% used [0x00000000eab00000,0x00000000ee358c60,0x00000000efb00000)
  from space 112128K, 30% used [0x00000000efb00000,0x00000000f1c4fa70,0x00000000f6880000)
  to   space 108544K, 0% used [0x00000000f6d00000,0x00000000f6d00000,0x00000000fd700000)
 ParOldGen       total 422912K, used 185743K [0x00000000c0000000, 0x00000000d9d00000, 0x00000000eab00000)
  object space 422912K, 43% used [0x00000000c0000000,0x00000000cb563df8,0x00000000d9d00000)
 Metaspace       used 6600K, capacity 7320K, committed 7680K, reserved 1056768K
  class space    used 627K, capacity 656K, committed 768K, reserved 1048576K
GC Heap History (10 events):
Event: 31.595 GC heap before
{Heap before GC invocations=36 (full 6):
 PSYoungGen      total 181248K, used 103923K [0x00000000eab00000, 0x00000000fd600000, 0x0000000100000000)
  eden space 65024K, 100% used [0x00000000eab00000,0x00000000eea80000,0x00000000eea80000)
  from space 116224K, 33% used [0x00000000eea80000,0x00000000f107cea0,0x00000000f5c00000)
  to   space 116224K, 0% used [0x00000000f6480000,0x00000000f6480000,0x00000000fd600000)
 ParOldGen       total 370176K, used 244367K [0x00000000c0000000, 0x00000000d6980000, 0x00000000eab00000)
  object space 370176K, 66% used [0x00000000c0000000,0x00000000ceea3e80,0x00000000d6980000)
 Metaspace       used 6500K, capacity 7256K, committed 7424K, reserved 1056768K
  class space    used 622K, capacity 656K, committed 768K, reserved 1048576K
Event: 31.860 GC heap after
Heap after GC invocations=36 (full 6):
 PSYoungGen      total 188928K, used 30092K [0x00000000eab00000, 0x00000000fd580000, 0x0000000100000000)
  eden space 73216K, 0% used [0x00000000eab00000,0x00000000eab00000,0x00000000ef280000)
  from space 115712K, 26% used [0x00000000f6480000,0x00000000f81e31b8,0x00000000fd580000)
  to   space 116224K, 0% used [0x00000000ef280000,0x00000000ef280000,0x00000000f6400000)
 ParOldGen       total 370176K, used 271043K [0x00000000c0000000, 0x00000000d6980000, 0x00000000eab00000)
  object space 370176K, 73% used [0x00000000c0000000,0x00000000d08b0fd0,0x00000000d6980000)
 Metaspace       used 6500K, capacity 7256K, committed 7424K, reserved 1056768K
  class space    used 622K, capacity 656K, committed 768K, reserved 1048576K
}
Event: 32.681 GC heap before
{Heap before GC invocations=37 (full 6):
 PSYoungGen      total 188928K, used 103308K [0x00000000eab00000, 0x00000000fd580000, 0x0000000100000000)
  eden space 73216K, 100% used [0x00000000eab00000,0x00000000ef280000,0x00000000ef280000)
  from space 115712K, 26% used [0x00000000f6480000,0x00000000f81e31b8,0x00000000fd580000)
  to   space 116224K, 0% used [0x00000000ef280000,0x00000000ef280000,0x00000000f6400000)
 ParOldGen       total 370176K, used 271043K [0x00000000c0000000, 0x00000000d6980000, 0x00000000eab00000)
  object space 370176K, 73% used [0x00000000c0000000,0x00000000d08b0fd0,0x00000000d6980000)
 Metaspace       used 6508K, capacity 7256K, committed 7424K, reserved 1056768K
  class space    used 624K, capacity 656K, committed 768K, reserved 1048576K
Event: 32.816 GC heap after
Heap after GC invocations=37 (full 6):
 PSYoungGen      total 189440K, used 18923K [0x00000000eab00000, 0x00000000fdd80000, 0x0000000100000000)
  eden space 73216K, 0% used [0x00000000eab00000,0x00000000eab00000,0x00000000ef280000)
  from space 116224K, 16% used [0x00000000ef280000,0x00000000f04faed0,0x00000000f6400000)
  to   space 116224K, 0% used [0x00000000f6c00000,0x00000000f6c00000,0x00000000fdd80000)
 ParOldGen       total 370176K, used 300931K [0x00000000c0000000, 0x00000000d6980000, 0x00000000eab00000)
  object space 370176K, 81% used [0x00000000c0000000,0x00000000d25e0f08,0x00000000d6980000)
 Metaspace       used 6508K, capacity 7256K, committed 7424K, reserved 1056768K
  class space    used 624K, capacity 656K, committed 768K, reserved 1048576K
}
Event: 33.019 GC heap before
{Heap before GC invocations=38 (full 6):
 PSYoungGen      total 189440K, used 92139K [0x00000000eab00000, 0x00000000fdd80000, 0x0000000100000000)
  eden space 73216K, 100% used [0x00000000eab00000,0x00000000ef280000,0x00000000ef280000)
  from space 116224K, 16% used [0x00000000ef280000,0x00000000f04faed0,0x00000000f6400000)
  to   space 116224K, 0% used [0x00000000f6c00000,0x00000000f6c00000,0x00000000fdd80000)
 ParOldGen       total 370176K, used 300931K [0x00000000c0000000, 0x00000000d6980000, 0x00000000eab00000)
  object space 370176K, 81% used [0x00000000c0000000,0x00000000d25e0f08,0x00000000d6980000)
 Metaspace       used 6508K, capacity 7256K, committed 7424K, reserved 1056768K
  class space    used 624K, capacity 656K, committed 768K, reserved 1048576K
Event: 33.093 GC heap after
Heap after GC invocations=38 (full 6):
 PSYoungGen      total 190464K, used 35730K [0x00000000eab00000, 0x00000000fd600000, 0x0000000100000000)
  eden space 81920K, 0% used [0x00000000eab00000,0x00000000eab00000,0x00000000efb00000)
  from space 108544K, 32% used [0x00000000f6c00000,0x00000000f8ee4938,0x00000000fd600000)
  to   space 112128K, 0% used [0x00000000efb00000,0x00000000efb00000,0x00000000f6880000)
 ParOldGen       total 370176K, used 319884K [0x00000000c0000000, 0x00000000d6980000, 0x00000000eab00000)
  object space 370176K, 86% used [0x00000000c0000000,0x00000000d3863338,0x00000000d6980000)
 Metaspace       used 6508K, capacity 7256K, committed 7424K, reserved 1056768K
  class space    used 624K, capacity 656K, committed 768K, reserved 1048576K
}
Event: 33.093 GC heap before
{Heap before GC invocations=39 (full 7):
 PSYoungGen      total 190464K, used 35730K [0x00000000eab00000, 0x00000000fd600000, 0x0000000100000000)
  eden space 81920K, 0% used [0x00000000eab00000,0x00000000eab00000,0x00000000efb00000)
  from space 108544K, 32% used [0x00000000f6c00000,0x00000000f8ee4938,0x00000000fd600000)
  to   space 112128K, 0% used [0x00000000efb00000,0x00000000efb00000,0x00000000f6880000)
 ParOldGen       total 370176K, used 319884K [0x00000000c0000000, 0x00000000d6980000, 0x00000000eab00000)
  object space 370176K, 86% used [0x00000000c0000000,0x00000000d3863338,0x00000000d6980000)
 Metaspace       used 6508K, capacity 7256K, committed 7424K, reserved 1056768K
  class space    used 624K, capacity 656K, committed 768K, reserved 1048576K
Event: 33.936 GC heap after
Heap after GC invocations=39 (full 7):
 PSYoungGen      total 190464K, used 0K [0x00000000eab00000, 0x00000000fd600000, 0x0000000100000000)
  eden space 81920K, 0% used [0x00000000eab00000,0x00000000eab00000,0x00000000efb00000)
  from space 108544K, 0% used [0x00000000f6c00000,0x00000000f6c00000,0x00000000fd600000)
  to   space 112128K, 0% used [0x00000000efb00000,0x00000000efb00000,0x00000000f6880000)
 ParOldGen       total 422912K, used 185743K [0x00000000c0000000, 0x00000000d9d00000, 0x00000000eab00000)
  object space 422912K, 43% used [0x00000000c0000000,0x00000000cb563df8,0x00000000d9d00000)
 Metaspace       used 6508K, capacity 7256K, committed 7424K, reserved 1056768K
  class space    used 624K, capacity 656K, committed 768K, reserved 1048576K
}
Event: 34.662 GC heap before
{Heap before GC invocations=40 (full 7):
 PSYoungGen      total 190464K, used 81920K [0x00000000eab00000, 0x00000000fd600000, 0x0000000100000000)
  eden space 81920K, 100% used [0x00000000eab00000,0x00000000efb00000,0x00000000efb00000)
  from space 108544K, 0% used [0x00000000f6c00000,0x00000000f6c00000,0x00000000fd600000)
  to   space 112128K, 0% used [0x00000000efb00000,0x00000000efb00000,0x00000000f6880000)
 ParOldGen       total 422912K, used 185743K [0x00000000c0000000, 0x00000000d9d00000, 0x00000000eab00000)
  object space 422912K, 43% used [0x00000000c0000000,0x00000000cb563df8,0x00000000d9d00000)
 Metaspace       used 6508K, capacity 7256K, committed 7424K, reserved 1056768K
  class space    used 624K, capacity 656K, committed 768K, reserved 1048576K
Event: 34.870 GC heap after
Heap after GC invocations=40 (full 7):
 PSYoungGen      total 194048K, used 34110K [0x00000000eab00000, 0x00000000fd700000, 0x0000000100000000)
  eden space 81920K, 0% used [0x00000000eab00000,0x00000000eab00000,0x00000000efb00000)
  from space 112128K, 30% used [0x00000000efb00000,0x00000000f1c4fa70,0x00000000f6880000)
  to   space 108544K, 0% used [0x00000000f6d00000,0x00000000f6d00000,0x00000000fd700000)
 ParOldGen       total 422912K, used 185743K [0x00000000c0000000, 0x00000000d9d00000, 0x00000000eab00000)
  object space 422912K, 43% used [0x00000000c0000000,0x00000000cb563df8,0x00000000d9d00000)
 Metaspace       used 6508K, capacity 7256K, committed 7424K, reserved 1056768K
  class space    used 624K, capacity 656K, committed 768K, reserved 1048576K
}

