# JRE version: Java(TM) SE Runtime Environment (8.0_60-b27) (build 1.8.0_60-b27)
# Java VM: Java HotSpot(TM) 64-Bit Server VM (25.60-b23 mixed mode windows-amd64 compressed oops)
Heap:
 PSYoungGen      total 229888K, used 212186K [0x00000000eab00000, 0x00000000ffa00000, 0x0000000100000000)
  eden space 116736K, 84% used [0x00000000eab00000,0x00000000f0bbd900,0x00000000f1d00000)
  from space 113152K, 99% used [0x00000000f1d00000,0x00000000f8b7a070,0x00000000f8b80000)
  to   space 110080K, 0% used [0x00000000f8e80000,0x00000000f8e80000,0x00000000ffa00000)
 ParOldGen       total 699392K, used 541911K [0x00000000c0000000, 0x00000000eab00000, 0x00000000eab00000)
  object space 699392K, 77% used [0x00000000c0000000,0x00000000e1135db8,0x00000000eab00000)
 Metaspace       used 6665K, capacity 7320K, committed 7680K, reserved 1056768K
  class space    used 627K, capacity 656K, committed 768K, reserved 1048576K
GC Heap History (10 events):
Event: 246.030 GC heap before
{Heap before GC invocations=267 (full 237):
 PSYoungGen      total 226816K, used 116736K [0x00000000eab00000, 0x00000000ffa00000, 0x0000000100000000)
  eden space 116736K, 100% used [0x00000000eab00000,0x00000000f1d00000,0x00000000f1d00000)
  from space 110080K, 0% used [0x00000000f8e80000,0x00000000f8e80000,0x00000000ffa00000)
  to   space 113152K, 0% used [0x00000000f1d00000,0x00000000f1d00000,0x00000000f8b80000)
 ParOldGen       total 535552K, used 535322K [0x00000000c0000000, 0x00000000e0b00000, 0x00000000eab00000)
  object space 535552K, 99% used [0x00000000c0000000,0x00000000e0ac6998,0x00000000e0b00000)
 Metaspace       used 6665K, capacity 7320K, committed 7680K, reserved 1056768K
  class space    used 627K, capacity 656K, committed 768K, reserved 1048576K
Event: 246.912 GC heap after
Heap after GC invocations=267 (full 237):
 PSYoungGen      total 226816K, used 116736K [0x00000000eab00000, 0x00000000ffa00000, 0x0000000100000000)
  eden space 116736K, 100% used [0x00000000eab00000,0x00000000f1d00000,0x00000000f1d00000)
  from space 110080K, 0% used [0x00000000f8e80000,0x00000000f8e80000,0x00000000ffa00000)
  to   space 113152K, 0% used [0x00000000f1d00000,0x00000000f1d00000,0x00000000f8b80000)
 ParOldGen       total 535552K, used 535320K [0x00000000c0000000, 0x00000000e0b00000, 0x00000000eab00000)
  object space 535552K, 99% used [0x00000000c0000000,0x00000000e0ac6208,0x00000000e0b00000)
 Metaspace       used 6665K, capacity 7320K, committed 7680K, reserved 1056768K
  class space    used 627K, capacity 656K, committed 768K, reserved 1048576K
}
Event: 246.912 GC heap before
{Heap before GC invocations=268 (full 238):
 PSYoungGen      total 226816K, used 116736K [0x00000000eab00000, 0x00000000ffa00000, 0x0000000100000000)
  eden space 116736K, 100% used [0x00000000eab00000,0x00000000f1d00000,0x00000000f1d00000)
  from space 110080K, 0% used [0x00000000f8e80000,0x00000000f8e80000,0x00000000ffa00000)
  to   space 113152K, 0% used [0x00000000f1d00000,0x00000000f1d00000,0x00000000f8b80000)
 ParOldGen       total 535552K, used 535325K [0x00000000c0000000, 0x00000000e0b00000, 0x00000000eab00000)
  object space 535552K, 99% used [0x00000000c0000000,0x00000000e0ac76e8,0x00000000e0b00000)
 Metaspace       used 6665K, capacity 7320K, committed 7680K, reserved 1056768K
  class space    used 627K, capacity 656K, committed 768K, reserved 1048576K
Event: 247.806 GC heap after
Heap after GC invocations=268 (full 238):
 PSYoungGen      total 226816K, used 116735K [0x00000000eab00000, 0x00000000ffa00000, 0x0000000100000000)
  eden space 116736K, 99% used [0x00000000eab00000,0x00000000f1cfffe8,0x00000000f1d00000)
  from space 110080K, 0% used [0x00000000f8e80000,0x00000000f8e80000,0x00000000ffa00000)
  to   space 113152K, 0% used [0x00000000f1d00000,0x00000000f1d00000,0x00000000f8b80000)
 ParOldGen       total 535552K, used 535323K [0x00000000c0000000, 0x00000000e0b00000, 0x00000000eab00000)
  object space 535552K, 99% used [0x00000000c0000000,0x00000000e0ac6e20,0x00000000e0b00000)
 Metaspace       used 6665K, capacity 7320K, committed 7680K, reserved 1056768K
  class space    used 627K, capacity 656K, committed 768K, reserved 1048576K
}
Event: 247.806 GC heap before
{Heap before GC invocations=269 (full 239):
 PSYoungGen      total 226816K, used 116736K [0x00000000eab00000, 0x00000000ffa00000, 0x0000000100000000)
  eden space 116736K, 100% used [0x00000000eab00000,0x00000000f1d00000,0x00000000f1d00000)
  from space 110080K, 0% used [0x00000000f8e80000,0x00000000f8e80000,0x00000000ffa00000)
  to   space 113152K, 0% used [0x00000000f1d00000,0x00000000f1d00000,0x00000000f8b80000)
 ParOldGen       total 535552K, used 535323K [0x00000000c0000000, 0x00000000e0b00000, 0x00000000eab00000)
  object space 535552K, 99% used [0x00000000c0000000,0x00000000e0ac6e20,0x00000000e0b00000)
 Metaspace       used 6665K, capacity 7320K, committed 7680K, reserved 1056768K
  class space    used 627K, capacity 656K, committed 768K, reserved 1048576K
Event: 248.674 GC heap after
Heap after GC invocations=269 (full 239):
 PSYoungGen      total 226816K, used 116735K [0x00000000eab00000, 0x00000000ffa00000, 0x0000000100000000)
  eden space 116736K, 99% used [0x00000000eab00000,0x00000000f1cfffe8,0x00000000f1d00000)
  from space 110080K, 0% used [0x00000000f8e80000,0x00000000f8e80000,0x00000000ffa00000)
  to   space 113152K, 0% used [0x00000000f1d00000,0x00000000f1d00000,0x00000000f8b80000)
 ParOldGen       total 535552K, used 535323K [0x00000000c0000000, 0x00000000e0b00000, 0x00000000eab00000)
  object space 535552K, 99% used [0x00000000c0000000,0x00000000e0ac6e20,0x00000000e0b00000)
 Metaspace       used 6665K, capacity 7320K, committed 7680K, reserved 1056768K
  class space    used 627K, capacity 656K, committed 768K, reserved 1048576K
}
Event: 248.675 GC heap before
{Heap before GC invocations=270 (full 240):
 PSYoungGen      total 226816K, used 116736K [0x00000000eab00000, 0x00000000ffa00000, 0x0000000100000000)
  eden space 116736K, 100% used [0x00000000eab00000,0x00000000f1d00000,0x00000000f1d00000)
  from space 110080K, 0% used [0x00000000f8e80000,0x00000000f8e80000,0x00000000ffa00000)
  to   space 113152K, 0% used [0x00000000f1d00000,0x00000000f1d00000,0x00000000f8b80000)
 ParOldGen       total 535552K, used 535329K [0x00000000c0000000, 0x00000000e0b00000, 0x00000000eab00000)
  object space 535552K, 99% used [0x00000000c0000000,0x00000000e0ac85c8,0x00000000e0b00000)
 Metaspace       used 6665K, capacity 7320K, committed 7680K, reserved 1056768K
  class space    used 627K, capacity 656K, committed 768K, reserved 1048576K
Event: 249.552 GC heap after
Heap after GC invocations=270 (full 240):
 PSYoungGen      total 226816K, used 116735K [0x00000000eab00000, 0x00000000ffa00000, 0x0000000100000000)
  eden space 116736K, 99% used [0x00000000eab00000,0x00000000f1cfffe8,0x00000000f1d00000)
  from space 110080K, 0% used [0x00000000f8e80000,0x00000000f8e80000,0x00000000ffa00000)
  to   space 113152K, 0% used [0x00000000f1d00000,0x00000000f1d00000,0x00000000f8b80000)
 ParOldGen       total 699392K, used 535327K [0x00000000c0000000, 0x00000000eab00000, 0x00000000eab00000)
  object space 699392K, 76% used [0x00000000c0000000,0x00000000e0ac7db8,0x00000000eab00000)
 Metaspace       used 6665K, capacity 7320K, committed 7680K, reserved 1056768K
  class space    used 627K, capacity 656K, committed 768K, reserved 1048576K
}
Event: 249.552 GC heap before
{Heap before GC invocations=271 (full 240):
 PSYoungGen      total 226816K, used 116736K [0x00000000eab00000, 0x00000000ffa00000, 0x0000000100000000)
  eden space 116736K, 100% used [0x00000000eab00000,0x00000000f1d00000,0x00000000f1d00000)
  from space 110080K, 0% used [0x00000000f8e80000,0x00000000f8e80000,0x00000000ffa00000)
  to   space 113152K, 0% used [0x00000000f1d00000,0x00000000f1d00000,0x00000000f8b80000)
 ParOldGen       total 699392K, used 535327K [0x00000000c0000000, 0x00000000eab00000, 0x00000000eab00000)
  object space 699392K, 76% used [0x00000000c0000000,0x00000000e0ac7db8,0x00000000eab00000)
 Metaspace       used 6665K, capacity 7320K, committed 7680K, reserved 1056768K
  class space    used 627K, capacity 656K, committed 768K, reserved 1048576K
Event: 249.796 GC heap after
Heap after GC invocations=271 (full 240):
 PSYoungGen      total 229888K, used 113128K [0x00000000eab00000, 0x00000000ffa00000, 0x0000000100000000)
  eden space 116736K, 0% used [0x00000000eab00000,0x00000000eab00000,0x00000000f1d00000)
  from space 113152K, 99% used [0x00000000f1d00000,0x00000000f8b7a070,0x00000000f8b80000)
  to   space 110080K, 0% used [0x00000000f8e80000,0x00000000f8e80000,0x00000000ffa00000)
 ParOldGen       total 699392K, used 541911K [0x00000000c0000000, 0x00000000eab00000, 0x00000000eab00000)
  object space 699392K, 77% used [0x00000000c0000000,0x00000000e1135db8,0x00000000eab00000)
 Metaspace       used 6665K, capacity 7320K, committed 7680K, reserved 1056768K
  class space    used 627K, capacity 656K, committed 768K, reserved 1048576K
}

