# JRE version: Java(TM) SE Runtime Environment (8.0_60-b27) (build 1.8.0_60-b27)
# Java VM: Java HotSpot(TM) 64-Bit Server VM (25.60-b23 mixed mode windows-amd64 compressed oops)
Heap:
 PSYoungGen      total 293376K, used 237568K [0x00000000eab00000, 0x0000000100000000, 0x0000000100000000)
  eden space 237568K, 100% used [0x00000000eab00000,0x00000000f9300000,0x00000000f9300000)
  from space 55808K, 0% used [0x00000000fc980000,0x00000000fc980000,0x0000000100000000)
  to   space 55808K, 0% used [0x00000000f9300000,0x00000000f9300000,0x00000000fc980000)
 ParOldGen       total 151552K, used 151494K [0x00000000c0000000, 0x00000000c9400000, 0x00000000eab00000)
  object space 151552K, 99% used [0x00000000c0000000,0x00000000c93f1960,0x00000000c9400000)
 Metaspace       used 6627K, capacity 7320K, committed 7680K, reserved 1056768K
  class space    used 626K, capacity 656K, committed 768K, reserved 1048576K
GC Heap History (10 events):
Event: 10.369 GC heap after
Heap after GC invocations=14 (full 2):
 PSYoungGen      total 274944K, used 26984K [0x00000000eab00000, 0x00000000fe680000, 0x0000000100000000)
  eden space 237056K, 0% used [0x00000000eab00000,0x00000000eab00000,0x00000000f9280000)
  from space 37888K, 71% used [0x00000000fbb00000,0x00000000fd55a300,0x00000000fe000000)
  to   space 41472K, 0% used [0x00000000f9280000,0x00000000f9280000,0x00000000fbb00000)
 ParOldGen       total 151552K, used 84550K [0x00000000c0000000, 0x00000000c9400000, 0x00000000eab00000)
  object space 151552K, 55% used [0x00000000c0000000,0x00000000c5291858,0x00000000c9400000)
 Metaspace       used 6581K, capacity 7320K, committed 7680K, reserved 1056768K
  class space    used 625K, capacity 656K, committed 768K, reserved 1048576K
}
Event: 11.811 GC heap before
{Heap before GC invocations=15 (full 2):
 PSYoungGen      total 274944K, used 264040K [0x00000000eab00000, 0x00000000fe680000, 0x0000000100000000)
  eden space 237056K, 100% used [0x00000000eab00000,0x00000000f9280000,0x00000000f9280000)
  from space 37888K, 71% used [0x00000000fbb00000,0x00000000fd55a300,0x00000000fe000000)
  to   space 41472K, 0% used [0x00000000f9280000,0x00000000f9280000,0x00000000fbb00000)
 ParOldGen       total 151552K, used 84550K [0x00000000c0000000, 0x00000000c9400000, 0x00000000eab00000)
  object space 151552K, 55% used [0x00000000c0000000,0x00000000c5291858,0x00000000c9400000)
 Metaspace       used 6601K, capacity 7320K, committed 7680K, reserved 1056768K
  class space    used 625K, capacity 656K, committed 768K, reserved 1048576K
Event: 11.957 GC heap after
Heap after GC invocations=15 (full 2):
 PSYoungGen      total 278528K, used 41448K [0x00000000eab00000, 0x0000000100000000, 0x0000000100000000)
  eden space 237056K, 0% used [0x00000000eab00000,0x00000000eab00000,0x00000000f9280000)
  from space 41472K, 99% used [0x00000000f9280000,0x00000000fbafa168,0x00000000fbb00000)
  to   space 55808K, 0% used [0x00000000fc980000,0x00000000fc980000,0x0000000100000000)
 ParOldGen       total 151552K, used 104985K [0x00000000c0000000, 0x00000000c9400000, 0x00000000eab00000)
  object space 151552K, 69% used [0x00000000c0000000,0x00000000c6686440,0x00000000c9400000)
 Metaspace       used 6601K, capacity 7320K, committed 7680K, reserved 1056768K
  class space    used 625K, capacity 656K, committed 768K, reserved 1048576K
}
Event: 14.338 GC heap before
{Heap before GC invocations=16 (full 2):
 PSYoungGen      total 278528K, used 278504K [0x00000000eab00000, 0x0000000100000000, 0x0000000100000000)
  eden space 237056K, 100% used [0x00000000eab00000,0x00000000f9280000,0x00000000f9280000)
  from space 41472K, 99% used [0x00000000f9280000,0x00000000fbafa168,0x00000000fbb00000)
  to   space 55808K, 0% used [0x00000000fc980000,0x00000000fc980000,0x0000000100000000)
 ParOldGen       total 151552K, used 104985K [0x00000000c0000000, 0x00000000c9400000, 0x00000000eab00000)
  object space 151552K, 69% used [0x00000000c0000000,0x00000000c6686440,0x00000000c9400000)
 Metaspace       used 6618K, capacity 7320K, committed 7680K, reserved 1056768K
  class space    used 626K, capacity 656K, committed 768K, reserved 1048576K
Event: 14.520 GC heap after
Heap after GC invocations=16 (full 2):
 PSYoungGen      total 293376K, used 29041K [0x00000000eab00000, 0x0000000100000000, 0x0000000100000000)
  eden space 237568K, 0% used [0x00000000eab00000,0x00000000eab00000,0x00000000f9300000)
  from space 55808K, 52% used [0x00000000fc980000,0x00000000fe5dc6b0,0x0000000100000000)
  to   space 55808K, 0% used [0x00000000f9300000,0x00000000f9300000,0x00000000fc980000)
 ParOldGen       total 151552K, used 146018K [0x00000000c0000000, 0x00000000c9400000, 0x00000000eab00000)
  object space 151552K, 96% used [0x00000000c0000000,0x00000000c8e98840,0x00000000c9400000)
 Metaspace       used 6618K, capacity 7320K, committed 7680K, reserved 1056768K
  class space    used 626K, capacity 656K, committed 768K, reserved 1048576K
}
Event: 14.520 GC heap before
{Heap before GC invocations=17 (full 3):
 PSYoungGen      total 293376K, used 29041K [0x00000000eab00000, 0x0000000100000000, 0x0000000100000000)
  eden space 237568K, 0% used [0x00000000eab00000,0x00000000eab00000,0x00000000f9300000)
  from space 55808K, 52% used [0x00000000fc980000,0x00000000fe5dc6b0,0x0000000100000000)
  to   space 55808K, 0% used [0x00000000f9300000,0x00000000f9300000,0x00000000fc980000)
 ParOldGen       total 151552K, used 146018K [0x00000000c0000000, 0x00000000c9400000, 0x00000000eab00000)
  object space 151552K, 96% used [0x00000000c0000000,0x00000000c8e98840,0x00000000c9400000)
 Metaspace       used 6618K, capacity 7320K, committed 7680K, reserved 1056768K
  class space    used 626K, capacity 656K, committed 768K, reserved 1048576K
Event: 15.589 GC heap after
Heap after GC invocations=17 (full 3):
 PSYoungGen      total 293376K, used 18681K [0x00000000eab00000, 0x0000000100000000, 0x0000000100000000)
  eden space 237568K, 0% used [0x00000000eab00000,0x00000000eab00000,0x00000000f9300000)
  from space 55808K, 33% used [0x00000000fc980000,0x00000000fdbbe4c0,0x0000000100000000)
  to   space 55808K, 0% used [0x00000000f9300000,0x00000000f9300000,0x00000000fc980000)
 ParOldGen       total 151552K, used 151528K [0x00000000c0000000, 0x00000000c9400000, 0x00000000eab00000)
  object space 151552K, 99% used [0x00000000c0000000,0x00000000c93fa310,0x00000000c9400000)
 Metaspace       used 6618K, capacity 7320K, committed 7680K, reserved 1056768K
  class space    used 626K, capacity 656K, committed 768K, reserved 1048576K
}
Event: 17.397 GC heap before
{Heap before GC invocations=18 (full 4):
 PSYoungGen      total 293376K, used 256249K [0x00000000eab00000, 0x0000000100000000, 0x0000000100000000)
  eden space 237568K, 100% used [0x00000000eab00000,0x00000000f9300000,0x00000000f9300000)
  from space 55808K, 33% used [0x00000000fc980000,0x00000000fdbbe4c0,0x0000000100000000)
  to   space 55808K, 0% used [0x00000000f9300000,0x00000000f9300000,0x00000000fc980000)
 ParOldGen       total 151552K, used 151528K [0x00000000c0000000, 0x00000000c9400000, 0x00000000eab00000)
  object space 151552K, 99% used [0x00000000c0000000,0x00000000c93fa310,0x00000000c9400000)
 Metaspace       used 6622K, capacity 7320K, committed 7680K, reserved 1056768K
  class space    used 626K, capacity 656K, committed 768K, reserved 1048576K
Event: 18.369 GC heap after
Heap after GC invocations=18 (full 4):
 PSYoungGen      total 293376K, used 48564K [0x00000000eab00000, 0x0000000100000000, 0x0000000100000000)
  eden space 237568K, 20% used [0x00000000eab00000,0x00000000eda6d3f0,0x00000000f9300000)
  from space 55808K, 0% used [0x00000000fc980000,0x00000000fc980000,0x0000000100000000)
  to   space 55808K, 0% used [0x00000000f9300000,0x00000000f9300000,0x00000000fc980000)
 ParOldGen       total 151552K, used 151494K [0x00000000c0000000, 0x00000000c9400000, 0x00000000eab00000)
  object space 151552K, 99% used [0x00000000c0000000,0x00000000c93f1960,0x00000000c9400000)
 Metaspace       used 6622K, capacity 7320K, committed 7680K, reserved 1056768K
  class space    used 626K, capacity 656K, committed 768K, reserved 1048576K
}
Event: 19.234 GC heap before
{Heap before GC invocations=19 (full 5):
 PSYoungGen      total 293376K, used 237568K [0x00000000eab00000, 0x0000000100000000, 0x0000000100000000)
  eden space 237568K, 100% used [0x00000000eab00000,0x00000000f9300000,0x00000000f9300000)
  from space 55808K, 0% used [0x00000000fc980000,0x00000000fc980000,0x0000000100000000)
  to   space 55808K, 0% used [0x00000000f9300000,0x00000000f9300000,0x00000000fc980000)
 ParOldGen       total 151552K, used 151494K [0x00000000c0000000, 0x00000000c9400000, 0x00000000eab00000)
  object space 151552K, 99% used [0x00000000c0000000,0x00000000c93f1960,0x00000000c9400000)
 Metaspace       used 6627K, capacity 7320K, committed 7680K, reserved 1056768K
  class space    used 626K, capacity 656K, committed 768K, reserved 1048576K

