# JRE version: Java(TM) SE Runtime Environment (8.0_60-b27) (build 1.8.0_60-b27)
# Java VM: Java HotSpot(TM) 64-Bit Server VM (25.60-b23 mixed mode windows-amd64 compressed oops)
Heap:
 PSYoungGen      total 228864K, used 91744K [0x00000000eab00000, 0x0000000100000000, 0x0000000100000000)
  eden space 142848K, 64% used [0x00000000eab00000,0x00000000f0498278,0x00000000f3680000)
  from space 86016K, 0% used [0x00000000f3680000,0x00000000f3680000,0x00000000f8a80000)
  to   space 110592K, 0% used [0x00000000f9400000,0x00000000f9400000,0x0000000100000000)
 ParOldGen       total 182272K, used 137812K [0x00000000c0000000, 0x00000000cb200000, 0x00000000eab00000)
  object space 182272K, 75% used [0x00000000c0000000,0x00000000c86950d0,0x00000000cb200000)
 Metaspace       used 6381K, capacity 7192K, committed 7424K, reserved 1056768K
  class space    used 622K, capacity 656K, committed 768K, reserved 1048576K
GC Heap History (10 events):
Event: 11.918 GC heap after
Heap after GC invocations=8 (full 1):
 PSYoungGen      total 144384K, used 28661K [0x00000000eab00000, 0x00000000fc480000, 0x0000000100000000)
  eden space 115712K, 0% used [0x00000000eab00000,0x00000000eab00000,0x00000000f1c00000)
  from space 28672K, 99% used [0x00000000f1c00000,0x00000000f37fd718,0x00000000f3800000)
  to   space 59392K, 0% used [0x00000000f8a80000,0x00000000f8a80000,0x00000000fc480000)
 ParOldGen       total 93696K, used 93285K [0x00000000c0000000, 0x00000000c5b80000, 0x00000000eab00000)
  object space 93696K, 99% used [0x00000000c0000000,0x00000000c5b19470,0x00000000c5b80000)
 Metaspace       used 6371K, capacity 7192K, committed 7424K, reserved 1056768K
  class space    used 621K, capacity 656K, committed 768K, reserved 1048576K
}
Event: 11.918 GC heap before
{Heap before GC invocations=9 (full 2):
 PSYoungGen      total 144384K, used 28661K [0x00000000eab00000, 0x00000000fc480000, 0x0000000100000000)
  eden space 115712K, 0% used [0x00000000eab00000,0x00000000eab00000,0x00000000f1c00000)
  from space 28672K, 99% used [0x00000000f1c00000,0x00000000f37fd718,0x00000000f3800000)
  to   space 59392K, 0% used [0x00000000f8a80000,0x00000000f8a80000,0x00000000fc480000)
 ParOldGen       total 93696K, used 93285K [0x00000000c0000000, 0x00000000c5b80000, 0x00000000eab00000)
  object space 93696K, 99% used [0x00000000c0000000,0x00000000c5b19470,0x00000000c5b80000)
 Metaspace       used 6371K, capacity 7192K, committed 7424K, reserved 1056768K
  class space    used 621K, capacity 656K, committed 768K, reserved 1048576K
Event: 12.503 GC heap after
Heap after GC invocations=9 (full 2):
 PSYoungGen      total 144384K, used 20689K [0x00000000eab00000, 0x00000000fc480000, 0x0000000100000000)
  eden space 115712K, 0% used [0x00000000eab00000,0x00000000eab00000,0x00000000f1c00000)
  from space 28672K, 72% used [0x00000000f1c00000,0x00000000f3034580,0x00000000f3800000)
  to   space 59392K, 0% used [0x00000000f8a80000,0x00000000f8a80000,0x00000000fc480000)
 ParOldGen       total 182272K, used 93632K [0x00000000c0000000, 0x00000000cb200000, 0x00000000eab00000)
  object space 182272K, 51% used [0x00000000c0000000,0x00000000c5b70288,0x00000000cb200000)
 Metaspace       used 6371K, capacity 7192K, committed 7424K, reserved 1056768K
  class space    used 621K, capacity 656K, committed 768K, reserved 1048576K
}
Event: 12.928 GC heap before
{Heap before GC invocations=10 (full 2):
 PSYoungGen      total 144384K, used 136401K [0x00000000eab00000, 0x00000000fc480000, 0x0000000100000000)
  eden space 115712K, 100% used [0x00000000eab00000,0x00000000f1c00000,0x00000000f1c00000)
  from space 28672K, 72% used [0x00000000f1c00000,0x00000000f3034580,0x00000000f3800000)
  to   space 59392K, 0% used [0x00000000f8a80000,0x00000000f8a80000,0x00000000fc480000)
 ParOldGen       total 182272K, used 93632K [0x00000000c0000000, 0x00000000cb200000, 0x00000000eab00000)
  object space 182272K, 51% used [0x00000000c0000000,0x00000000c5b70288,0x00000000cb200000)
 Metaspace       used 6380K, capacity 7192K, committed 7424K, reserved 1056768K
  class space    used 622K, capacity 656K, committed 768K, reserved 1048576K
Event: 13.141 GC heap after
Heap after GC invocations=10 (full 2):
 PSYoungGen      total 202240K, used 59372K [0x00000000eab00000, 0x00000000fe500000, 0x0000000100000000)
  eden space 142848K, 0% used [0x00000000eab00000,0x00000000eab00000,0x00000000f3680000)
  from space 59392K, 99% used [0x00000000f8a80000,0x00000000fc47b0f0,0x00000000fc480000)
  to   space 86016K, 0% used [0x00000000f3680000,0x00000000f3680000,0x00000000f8a80000)
 ParOldGen       total 182272K, used 126111K [0x00000000c0000000, 0x00000000cb200000, 0x00000000eab00000)
  object space 182272K, 69% used [0x00000000c0000000,0x00000000c7b27e10,0x00000000cb200000)
 Metaspace       used 6380K, capacity 7192K, committed 7424K, reserved 1056768K
  class space    used 622K, capacity 656K, committed 768K, reserved 1048576K
}
Event: 14.844 GC heap before
{Heap before GC invocations=11 (full 2):
 PSYoungGen      total 202240K, used 202220K [0x00000000eab00000, 0x00000000fe500000, 0x0000000100000000)
  eden space 142848K, 100% used [0x00000000eab00000,0x00000000f3680000,0x00000000f3680000)
  from space 59392K, 99% used [0x00000000f8a80000,0x00000000fc47b0f0,0x00000000fc480000)
  to   space 86016K, 0% used [0x00000000f3680000,0x00000000f3680000,0x00000000f8a80000)
 ParOldGen       total 182272K, used 126111K [0x00000000c0000000, 0x00000000cb200000, 0x00000000eab00000)
  object space 182272K, 69% used [0x00000000c0000000,0x00000000c7b27e10,0x00000000cb200000)
 Metaspace       used 6381K, capacity 7192K, committed 7424K, reserved 1056768K
  class space    used 622K, capacity 656K, committed 768K, reserved 1048576K
Event: 15.228 GC heap after
Heap after GC invocations=11 (full 2):
 PSYoungGen      total 228864K, used 85988K [0x00000000eab00000, 0x0000000100000000, 0x0000000100000000)
  eden space 142848K, 0% used [0x00000000eab00000,0x00000000eab00000,0x00000000f3680000)
  from space 86016K, 99% used [0x00000000f3680000,0x00000000f8a79278,0x00000000f8a80000)
  to   space 110592K, 0% used [0x00000000f9400000,0x00000000f9400000,0x0000000100000000)
 ParOldGen       total 182272K, used 146455K [0x00000000c0000000, 0x00000000cb200000, 0x00000000eab00000)
  object space 182272K, 80% used [0x00000000c0000000,0x00000000c8f05ef8,0x00000000cb200000)
 Metaspace       used 6381K, capacity 7192K, committed 7424K, reserved 1056768K
  class space    used 622K, capacity 656K, committed 768K, reserved 1048576K
}
Event: 15.228 GC heap before
{Heap before GC invocations=12 (full 3):
 PSYoungGen      total 228864K, used 85988K [0x00000000eab00000, 0x0000000100000000, 0x0000000100000000)
  eden space 142848K, 0% used [0x00000000eab00000,0x00000000eab00000,0x00000000f3680000)
  from space 86016K, 99% used [0x00000000f3680000,0x00000000f8a79278,0x00000000f8a80000)
  to   space 110592K, 0% used [0x00000000f9400000,0x00000000f9400000,0x0000000100000000)
 ParOldGen       total 182272K, used 146455K [0x00000000c0000000, 0x00000000cb200000, 0x00000000eab00000)
  object space 182272K, 80% used [0x00000000c0000000,0x00000000c8f05ef8,0x00000000cb200000)
 Metaspace       used 6381K, capacity 7192K, committed 7424K, reserved 1056768K
  class space    used 622K, capacity 656K, committed 768K, reserved 1048576K
Event: 16.969 GC heap after
Heap after GC invocations=12 (full 3):
 PSYoungGen      total 228864K, used 40784K [0x00000000eab00000, 0x0000000100000000, 0x0000000100000000)
  eden space 142848K, 0% used [0x00000000eab00000,0x00000000eab00000,0x00000000f3680000)
  from space 86016K, 47% used [0x00000000f3680000,0x00000000f5e54090,0x00000000f8a80000)
  to   space 110592K, 0% used [0x00000000f9400000,0x00000000f9400000,0x0000000100000000)
 ParOldGen       total 182272K, used 182004K [0x00000000c0000000, 0x00000000cb200000, 0x00000000eab00000)
  object space 182272K, 99% used [0x00000000c0000000,0x00000000cb1bd2c8,0x00000000cb200000)
 Metaspace       used 6381K, capacity 7192K, committed 7424K, reserved 1056768K
  class space    used 622K, capacity 656K, committed 768K, reserved 1048576K
}
Event: 17.318 GC heap before
{Heap before GC invocations=13 (full 4):
 PSYoungGen      total 228864K, used 183632K [0x00000000eab00000, 0x0000000100000000, 0x0000000100000000)
  eden space 142848K, 100% used [0x00000000eab00000,0x00000000f3680000,0x00000000f3680000)
  from space 86016K, 47% used [0x00000000f3680000,0x00000000f5e54090,0x00000000f8a80000)
  to   space 110592K, 0% used [0x00000000f9400000,0x00000000f9400000,0x0000000100000000)
 ParOldGen       total 182272K, used 182004K [0x00000000c0000000, 0x00000000cb200000, 0x00000000eab00000)
  object space 182272K, 99% used [0x00000000c0000000,0x00000000cb1bd2c8,0x00000000cb200000)
 Metaspace       used 6381K, capacity 7192K, committed 7424K, reserved 1056768K
  class space    used 622K, capacity 656K, committed 768K, reserved 1048576K

