# JRE version: Java(TM) SE Runtime Environment (8.0_60-b27) (build 1.8.0_60-b27)
# Java VM: Java HotSpot(TM) 64-Bit Server VM (25.60-b23 mixed mode windows-amd64 compressed oops)
Heap:
 PSYoungGen      total 280576K, used 71623K [0x00000000eab00000, 0x0000000100000000, 0x0000000100000000)
  eden space 234496K, 30% used [0x00000000eab00000,0x00000000ef0f1d18,0x00000000f9000000)
  from space 46080K, 0% used [0x00000000fd300000,0x00000000fd300000,0x0000000100000000)
  to   space 57344K, 58% used [0x00000000f9000000,0x00000000fb0f81a0,0x00000000fc800000)
 ParOldGen       total 164352K, used 164273K [0x00000000c0000000, 0x00000000ca080000, 0x00000000eab00000)
  object space 164352K, 99% used [0x00000000c0000000,0x00000000ca06c558,0x00000000ca080000)
 Metaspace       used 6629K, capacity 7320K, committed 7680K, reserved 1056768K
  class space    used 625K, capacity 656K, committed 768K, reserved 1048576K
GC Heap History (10 events):
Event: 7.337 GC heap before
{Heap before GC invocations=14 (full 2):
 PSYoungGen      total 292352K, used 30681K [0x00000000eab00000, 0x00000000ff880000, 0x0000000100000000)
  eden space 256000K, 0% used [0x00000000eab00000,0x00000000eab00000,0x00000000fa500000)
  from space 36352K, 84% used [0x00000000fcc80000,0x00000000fea76708,0x00000000ff000000)
  to   space 40448K, 0% used [0x00000000fa500000,0x00000000fa500000,0x00000000fcc80000)
 ParOldGen       total 85504K, used 84633K [0x00000000c0000000, 0x00000000c5380000, 0x00000000eab00000)
  object space 85504K, 98% used [0x00000000c0000000,0x00000000c52a65f0,0x00000000c5380000)
 Metaspace       used 6606K, capacity 7320K, committed 7680K, reserved 1056768K
  class space    used 625K, capacity 656K, committed 768K, reserved 1048576K
Event: 8.550 GC heap after
Heap after GC invocations=14 (full 2):
 PSYoungGen      total 292352K, used 26380K [0x00000000eab00000, 0x00000000ff880000, 0x0000000100000000)
  eden space 256000K, 0% used [0x00000000eab00000,0x00000000eab00000,0x00000000fa500000)
  from space 36352K, 72% used [0x00000000fcc80000,0x00000000fe643268,0x00000000ff000000)
  to   space 40448K, 0% used [0x00000000fa500000,0x00000000fa500000,0x00000000fcc80000)
 ParOldGen       total 149504K, used 85018K [0x00000000c0000000, 0x00000000c9200000, 0x00000000eab00000)
  object space 149504K, 56% used [0x00000000c0000000,0x00000000c5306be0,0x00000000c9200000)
 Metaspace       used 6606K, capacity 7320K, committed 7680K, reserved 1056768K
  class space    used 625K, capacity 656K, committed 768K, reserved 1048576K
}
Event: 9.840 GC heap before
{Heap before GC invocations=15 (full 2):
 PSYoungGen      total 292352K, used 282380K [0x00000000eab00000, 0x00000000ff880000, 0x0000000100000000)
  eden space 256000K, 100% used [0x00000000eab00000,0x00000000fa500000,0x00000000fa500000)
  from space 36352K, 72% used [0x00000000fcc80000,0x00000000fe643268,0x00000000ff000000)
  to   space 40448K, 0% used [0x00000000fa500000,0x00000000fa500000,0x00000000fcc80000)
 ParOldGen       total 149504K, used 85018K [0x00000000c0000000, 0x00000000c9200000, 0x00000000eab00000)
  object space 149504K, 56% used [0x00000000c0000000,0x00000000c5306be0,0x00000000c9200000)
 Metaspace       used 6621K, capacity 7320K, committed 7680K, reserved 1056768K
  class space    used 625K, capacity 656K, committed 768K, reserved 1048576K
Event: 10.015 GC heap after
Heap after GC invocations=15 (full 2):
 PSYoungGen      total 296448K, used 35749K [0x00000000eab00000, 0x0000000100000000, 0x0000000100000000)
  eden space 256000K, 0% used [0x00000000eab00000,0x00000000eab00000,0x00000000fa500000)
  from space 40448K, 88% used [0x00000000fa500000,0x00000000fc7e9480,0x00000000fcc80000)
  to   space 46080K, 0% used [0x00000000fd300000,0x00000000fd300000,0x0000000100000000)
 ParOldGen       total 149504K, used 110639K [0x00000000c0000000, 0x00000000c9200000, 0x00000000eab00000)
  object space 149504K, 74% used [0x00000000c0000000,0x00000000c6c0bf50,0x00000000c9200000)
 Metaspace       used 6621K, capacity 7320K, committed 7680K, reserved 1056768K
  class space    used 625K, capacity 656K, committed 768K, reserved 1048576K
}
Event: 10.869 GC heap before
{Heap before GC invocations=16 (full 2):
 PSYoungGen      total 296448K, used 291749K [0x00000000eab00000, 0x0000000100000000, 0x0000000100000000)
  eden space 256000K, 100% used [0x00000000eab00000,0x00000000fa500000,0x00000000fa500000)
  from space 40448K, 88% used [0x00000000fa500000,0x00000000fc7e9480,0x00000000fcc80000)
  to   space 46080K, 0% used [0x00000000fd300000,0x00000000fd300000,0x0000000100000000)
 ParOldGen       total 149504K, used 110639K [0x00000000c0000000, 0x00000000c9200000, 0x00000000eab00000)
  object space 149504K, 74% used [0x00000000c0000000,0x00000000c6c0bf50,0x00000000c9200000)
 Metaspace       used 6627K, capacity 7320K, committed 7680K, reserved 1056768K
  class space    used 625K, capacity 656K, committed 768K, reserved 1048576K
Event: 10.971 GC heap after
Heap after GC invocations=16 (full 2):
 PSYoungGen      total 280576K, used 46052K [0x00000000eab00000, 0x0000000100000000, 0x0000000100000000)
  eden space 234496K, 0% used [0x00000000eab00000,0x00000000eab00000,0x00000000f9000000)
  from space 46080K, 99% used [0x00000000fd300000,0x00000000ffff9268,0x0000000100000000)
  to   space 57344K, 0% used [0x00000000f9000000,0x00000000f9000000,0x00000000fc800000)
 ParOldGen       total 149504K, used 120420K [0x00000000c0000000, 0x00000000c9200000, 0x00000000eab00000)
  object space 149504K, 80% used [0x00000000c0000000,0x00000000c7599010,0x00000000c9200000)
 Metaspace       used 6627K, capacity 7320K, committed 7680K, reserved 1056768K
  class space    used 625K, capacity 656K, committed 768K, reserved 1048576K
}
Event: 12.781 GC heap before
{Heap before GC invocations=17 (full 2):
 PSYoungGen      total 280576K, used 280548K [0x00000000eab00000, 0x0000000100000000, 0x0000000100000000)
  eden space 234496K, 100% used [0x00000000eab00000,0x00000000f9000000,0x00000000f9000000)
  from space 46080K, 99% used [0x00000000fd300000,0x00000000ffff9268,0x0000000100000000)
  to   space 57344K, 0% used [0x00000000f9000000,0x00000000f9000000,0x00000000fc800000)
 ParOldGen       total 149504K, used 120420K [0x00000000c0000000, 0x00000000c9200000, 0x00000000eab00000)
  object space 149504K, 80% used [0x00000000c0000000,0x00000000c7599010,0x00000000c9200000)
 Metaspace       used 6629K, capacity 7320K, committed 7680K, reserved 1056768K
  class space    used 625K, capacity 656K, committed 768K, reserved 1048576K
Event: 13.030 GC heap after
Heap after GC invocations=17 (full 2):
 PSYoungGen      total 280576K, used 280548K [0x00000000eab00000, 0x0000000100000000, 0x0000000100000000)
  eden space 234496K, 100% used [0x00000000eab00000,0x00000000f9000000,0x00000000f9000000)
  from space 46080K, 99% used [0x00000000fd300000,0x00000000ffff9268,0x0000000100000000)
  to   space 57344K, 63% used [0x00000000f9000000,0x00000000fb3c0000,0x00000000fc800000)
 ParOldGen       total 164352K, used 164198K [0x00000000c0000000, 0x00000000ca080000, 0x00000000eab00000)
  object space 164352K, 99% used [0x00000000c0000000,0x00000000ca059b20,0x00000000ca080000)
 Metaspace       used 6629K, capacity 7320K, committed 7680K, reserved 1056768K
  class space    used 625K, capacity 656K, committed 768K, reserved 1048576K
}
Event: 13.030 GC heap before
{Heap before GC invocations=18 (full 3):
 PSYoungGen      total 280576K, used 280548K [0x00000000eab00000, 0x0000000100000000, 0x0000000100000000)
  eden space 234496K, 100% used [0x00000000eab00000,0x00000000f9000000,0x00000000f9000000)
  from space 46080K, 99% used [0x00000000fd300000,0x00000000ffff9268,0x0000000100000000)
  to   space 57344K, 63% used [0x00000000f9000000,0x00000000fb3c0000,0x00000000fc800000)
 ParOldGen       total 164352K, used 164198K [0x00000000c0000000, 0x00000000ca080000, 0x00000000eab00000)
  object space 164352K, 99% used [0x00000000c0000000,0x00000000ca059b20,0x00000000ca080000)
 Metaspace       used 6629K, capacity 7320K, committed 7680K, reserved 1056768K
  class space    used 625K, capacity 656K, committed 768K, reserved 1048576K
Event: 14.359 GC heap after
Heap after GC invocations=18 (full 3):
 PSYoungGen      total 280576K, used 0K [0x00000000eab00000, 0x0000000100000000, 0x0000000100000000)
  eden space 234496K, 0% used [0x00000000eab00000,0x00000000eab00000,0x00000000f9000000)
  from space 46080K, 0% used [0x00000000fd300000,0x00000000fd300000,0x0000000100000000)
  to   space 57344K, 58% used [0x00000000f9000000,0x00000000fb0f81a0,0x00000000fc800000)
 ParOldGen       total 164352K, used 164273K [0x00000000c0000000, 0x00000000ca080000, 0x00000000eab00000)
  object space 164352K, 99% used [0x00000000c0000000,0x00000000ca06c558,0x00000000ca080000)
 Metaspace       used 6629K, capacity 7320K, committed 7680K, reserved 1056768K
  class space    used 625K, capacity 656K, committed 768K, reserved 1048576K
}

